<?xml version="1.0" encoding="UTF-8"?>
<!-- Generated by org.testng.reporters.JUnitReportReporter -->
<testsuite name="com.Jenkins.Demo_Jenkins" tests="2" time="2.355" ignored="0" failures="0" timestamp="23 Apr 2020 15:36:24 GMT" skipped="0" hostname="Nayem" errors="0">
  <testcase name="JenkinsTitleTest" time="2.264" classname="com.Jenkins.Demo_Jenkins"/>
  <testcase name="JenkinsTest" time="0.091" classname="com.Jenkins.Demo_Jenkins"/>
</testsuite> <!-- com.Jenkins.Demo_Jenkins -->
