<?xml version="1.0" encoding="UTF-8"?>
<!-- Generated by org.testng.reporters.JUnitReportReporter -->
<testsuite name="com.TestNG_MultipleTest_New.MoreTestCases" tests="6" time="0.223" ignored="0" failures="0" timestamp="18 Apr 2020 11:41:35 GMT" skipped="0" hostname="Nayem" errors="0">
  <testcase name="testTwo" time="0.003" classname="com.TestNG_MultipleTest_New.MoreTestCases"/>
  <testcase name="logoTest" time="0.140" classname="com.TestNG_MultipleTest_New.MoreTestCases"/>
  <testcase name="textOne" time="0.003" classname="com.TestNG_MultipleTest_New.MoreTestCases"/>
  <testcase name="testThree" time="0.001" classname="com.TestNG_MultipleTest_New.MoreTestCases"/>
  <testcase name="showURL" time="0.035" classname="com.TestNG_MultipleTest_New.MoreTestCases"/>
  <testcase name="TitleTest" time="0.041" classname="com.TestNG_MultipleTest_New.MoreTestCases"/>
</testsuite> <!-- com.TestNG_MultipleTest_New.MoreTestCases -->
