<?xml version="1.0" encoding="UTF-8"?>
<!-- Generated by org.testng.reporters.JUnitReportReporter -->
<testsuite name="com.NumberFormatExceptionTest.NumberFormatExceptionTest" tests="1" time="0.014" ignored="0" failures="0" timestamp="18 Apr 2020 11:03:39 GMT" skipped="0" hostname="Nayem" errors="0">
  <testcase name="testOne" time="0.014" classname="com.NumberFormatExceptionTest.NumberFormatExceptionTest"/>
</testsuite> <!-- com.NumberFormatExceptionTest.NumberFormatExceptionTest -->
