<?xml version="1.0" encoding="UTF-8"?>
<!-- Generated by org.testng.reporters.JUnitReportReporter -->
<testsuite name="com.BeforeGroupAfterGroup.AfterGroupTest" tests="3" time="0.024" ignored="0" failures="0" timestamp="16 Apr 2020 16:28:06 GMT" skipped="0" hostname="Nayem" errors="0">
  <testcase name="testcase1" time="0.016" classname="com.BeforeGroupAfterGroup.AfterGroupTest"/>
  <testcase name="testcase2" time="0.003" classname="com.BeforeGroupAfterGroup.AfterGroupTest"/>
  <testcase name="testcase3" time="0.005" classname="com.BeforeGroupAfterGroup.AfterGroupTest"/>
</testsuite> <!-- com.BeforeGroupAfterGroup.AfterGroupTest -->
