<?xml version="1.0" encoding="UTF-8"?>
<!-- Generated by org.testng.reporters.JUnitReportReporter -->
<testsuite name="com.DataProviderTest.DataProviderTest" tests="3" time="80.830" ignored="0" failures="0" timestamp="18 Apr 2020 09:12:48 GMT" skipped="0" hostname="Nayem" errors="0">
  <testcase name="findData" time="26.625" classname="com.DataProviderTest.DataProviderTest"/>
  <testcase name="findData" time="21.500" classname="com.DataProviderTest.DataProviderTest"/>
  <testcase name="findData" time="32.705" classname="com.DataProviderTest.DataProviderTest"/>
</testsuite> <!-- com.DataProviderTest.DataProviderTest -->
