<?xml version="1.0" encoding="UTF-8"?>
<!-- Generated by org.testng.reporters.JUnitReportReporter -->
<testsuite name="com.TestNG_MultipleTest.TestOrder" tests="4" time="0.024" ignored="0" failures="0" timestamp="17 Apr 2020 12:41:09 GMT" skipped="0" hostname="Nayem" errors="0">
  <testcase name="testFindOrder" time="0.007" classname="com.TestNG_MultipleTest.TestOrder"/>
  <testcase name="testMakeOrder" time="0.008" classname="com.TestNG_MultipleTest.TestOrder"/>
  <testcase name="testMakeEmptyOrder" time="0.003" classname="com.TestNG_MultipleTest.TestOrder"/>
  <testcase name="testUpdateOrder" time="0.006" classname="com.TestNG_MultipleTest.TestOrder"/>
</testsuite> <!-- com.TestNG_MultipleTest.TestOrder -->
