<?xml version="1.0" encoding="UTF-8"?>
<!-- Generated by org.testng.reporters.JUnitReportReporter -->
<testsuite name="com.TestNG_MultipleTest_New.TestNG_New" tests="1" time="0.019" ignored="0" failures="0" timestamp="18 Apr 2020 11:41:35 GMT" skipped="0" hostname="Nayem" errors="0">
  <testcase name="TitleTest" time="0.019" classname="com.TestNG_MultipleTest_New.TestNG_New"/>
</testsuite> <!-- com.TestNG_MultipleTest_New.TestNG_New -->
