<?xml version="1.0" encoding="UTF-8"?>
<!-- Generated by org.testng.reporters.JUnitReportReporter -->
<testsuite name="com.TestNG.BeforeTestAfterTest" tests="1" time="14.547" ignored="0" failures="0" timestamp="16 Apr 2020 16:24:57 GMT" skipped="0" hostname="Nayem" errors="0">
  <testcase name="BasicTest" time="14.547" classname="com.TestNG.BeforeTestAfterTest"/>
</testsuite> <!-- com.TestNG.BeforeTestAfterTest -->
