<?xml version="1.0" encoding="UTF-8"?>
<!-- Generated by org.testng.reporters.JUnitReportReporter -->
<testsuite name="com.TestNG_MultipleTest_New.DependsOnMethod" tests="3" time="0.009" ignored="0" failures="0" timestamp="18 Apr 2020 11:41:35 GMT" skipped="0" hostname="Nayem" errors="0">
  <testcase name="homePageTest" time="0.001" classname="com.TestNG_MultipleTest_New.DependsOnMethod"/>
  <testcase name="featureTest" time="0.002" classname="com.TestNG_MultipleTest_New.DependsOnMethod"/>
  <testcase name="loginTest" time="0.006" classname="com.TestNG_MultipleTest_New.DependsOnMethod"/>
</testsuite> <!-- com.TestNG_MultipleTest_New.DependsOnMethod -->
