<?xml version="1.0" encoding="UTF-8"?>
<!-- Generated by org.testng.reporters.JUnitReportReporter -->
<testsuite name="com.ExtentReport.ExtentReportDemo" tests="1" time="17.273" ignored="0" failures="0" timestamp="20 Apr 2020 14:20:20 GMT" skipped="0" hostname="Nayem" errors="0">
  <testcase name="extentReportsDemo" time="17.273" classname="com.ExtentReport.ExtentReportDemo"/>
</testsuite> <!-- com.ExtentReport.ExtentReportDemo -->
