<?xml version="1.0" encoding="UTF-8"?>
<!-- Generated by org.testng.reporters.JUnitReportReporter -->
<testsuite name="com.AddLogInReport.AddLogInReport" tests="4" time="18.409" ignored="0" failures="0" timestamp="17 Apr 2020 14:05:39 GMT" skipped="0" hostname="Nayem" errors="0">
  <testcase name="tearDown" time="5.597" classname="com.AddLogInReport.AddLogInReport"/>
  <testcase name="googleURL" time="0.011" classname="com.AddLogInReport.AddLogInReport"/>
  <testcase name="googleTitle" time="0.019" classname="com.AddLogInReport.AddLogInReport"/>
  <testcase name="googleOpen" time="12.782" classname="com.AddLogInReport.AddLogInReport"/>
</testsuite> <!-- com.AddLogInReport.AddLogInReport -->
