<?xml version="1.0" encoding="UTF-8"?>
<!-- Generated by org.testng.reporters.JUnitReportReporter -->
<testsuite name="com.BasicTestNG.BeforeTestAfterTest" tests="1" time="5.303" ignored="0" failures="0" timestamp="17 Apr 2020 12:20:02 GMT" skipped="0" hostname="Nayem" errors="0">
  <testcase name="BasicTest" time="5.303" classname="com.BasicTestNG.BeforeTestAfterTest"/>
</testsuite> <!-- com.BasicTestNG.BeforeTestAfterTest -->
