<?xml version="1.0" encoding="UTF-8"?>
<!-- Generated by org.testng.reporters.JUnitReportReporter -->
<testsuite name="com.BasicTestNG.BeforeSuiteTest" tests="1" time="0.028" ignored="0" failures="0" timestamp="18 Apr 2020 11:17:51 GMT" skipped="0" hostname="Nayem" errors="0">
  <testcase name="TitleTest" time="0.028" classname="com.BasicTestNG.BeforeSuiteTest"/>
</testsuite> <!-- com.BasicTestNG.BeforeSuiteTest -->
