<?xml version="1.0" encoding="UTF-8"?>
<!-- Generated by org.testng.reporters.JUnitReportReporter -->
<testsuite name="com.InvocationCountTest.InvocationCountTest" tests="10" time="0.046" ignored="0" failures="0" timestamp="18 Apr 2020 09:35:36 GMT" skipped="0" hostname="Nayem" errors="0">
  <testcase name="sum" time="0.003" classname="com.InvocationCountTest.InvocationCountTest"/>
  <testcase name="sum" time="0.015" classname="com.InvocationCountTest.InvocationCountTest"/>
  <testcase name="sum" time="0.003" classname="com.InvocationCountTest.InvocationCountTest"/>
  <testcase name="sum" time="0.003" classname="com.InvocationCountTest.InvocationCountTest"/>
  <testcase name="sum" time="0.003" classname="com.InvocationCountTest.InvocationCountTest"/>
  <testcase name="sum" time="0.002" classname="com.InvocationCountTest.InvocationCountTest"/>
  <testcase name="sum" time="0.003" classname="com.InvocationCountTest.InvocationCountTest"/>
  <testcase name="sum" time="0.003" classname="com.InvocationCountTest.InvocationCountTest"/>
  <testcase name="sum" time="0.009" classname="com.InvocationCountTest.InvocationCountTest"/>
  <testcase name="sum" time="0.002" classname="com.InvocationCountTest.InvocationCountTest"/>
</testsuite> <!-- com.InvocationCountTest.InvocationCountTest -->
