<?xml version="1.0" encoding="UTF-8"?>
<!-- Generated by org.testng.reporters.JUnitReportReporter -->
<testsuite name="com.PriorityTest.PriorityTestClass" tests="4" time="0.020" ignored="0" failures="0" timestamp="17 Apr 2020 12:50:43 GMT" skipped="0" hostname="Nayem" errors="0">
  <testcase name="test3" time="0.002" classname="com.PriorityTest.PriorityTestClass"/>
  <testcase name="test4" time="0.013" classname="com.PriorityTest.PriorityTestClass"/>
  <testcase name="test2" time="0.003" classname="com.PriorityTest.PriorityTestClass"/>
  <testcase name="test1" time="0.002" classname="com.PriorityTest.PriorityTestClass"/>
</testsuite> <!-- com.PriorityTest.PriorityTestClass -->
