<?xml version="1.0" encoding="UTF-8"?>
<!-- Generated by org.testng.reporters.JUnitReportReporter -->
<testsuite name="com.TestNG_MultipleTest_New.WebTitleTest" tests="2" time="47.849" ignored="0" failures="0" timestamp="18 Apr 2020 11:41:35 GMT" skipped="0" hostname="Nayem" errors="0">
  <testcase name="googleTitleTest" time="27.291" classname="com.TestNG_MultipleTest_New.WebTitleTest"/>
  <testcase name="logoTest" time="20.558" classname="com.TestNG_MultipleTest_New.WebTitleTest"/>
</testsuite> <!-- com.TestNG_MultipleTest_New.WebTitleTest -->
