<?xml version="1.0" encoding="UTF-8"?>
<!-- Generated by org.testng.reporters.JUnitReportReporter -->
<testsuite name="com.BeforeGroupAfterGroup.BeforeGroupTest" tests="3" time="0.021" ignored="0" failures="0" timestamp="16 Apr 2020 16:30:13 GMT" skipped="0" hostname="Nayem" errors="0">
  <testcase name="testcase1" time="0.014" classname="com.BeforeGroupAfterGroup.BeforeGroupTest"/>
  <testcase name="testcase3" time="0.003" classname="com.BeforeGroupAfterGroup.BeforeGroupTest"/>
  <testcase name="testcase2" time="0.004" classname="com.BeforeGroupAfterGroup.BeforeGroupTest"/>
</testsuite> <!-- com.BeforeGroupAfterGroup.BeforeGroupTest -->
