<?xml version="1.0" encoding="UTF-8"?>
<!-- Generated by org.testng.reporters.JUnitReportReporter -->
<testsuite name="com.MoreTestCases_MIXED.MoreTestCases" tests="6" time="0.370" ignored="0" failures="0" timestamp="18 Apr 2020 09:39:56 GMT" skipped="0" hostname="Nayem" errors="0">
  <testcase name="textOne" time="0.004" classname="com.MoreTestCases_MIXED.MoreTestCases"/>
  <testcase name="logoTest" time="0.317" classname="com.MoreTestCases_MIXED.MoreTestCases"/>
  <testcase name="testTwo" time="0.004" classname="com.MoreTestCases_MIXED.MoreTestCases"/>
  <testcase name="TitleTest" time="0.011" classname="com.MoreTestCases_MIXED.MoreTestCases"/>
  <testcase name="testThree" time="0.003" classname="com.MoreTestCases_MIXED.MoreTestCases"/>
  <testcase name="showURL" time="0.031" classname="com.MoreTestCases_MIXED.MoreTestCases"/>
</testsuite> <!-- com.MoreTestCases_MIXED.MoreTestCases -->
