<?xml version="1.0" encoding="UTF-8"?>
<!-- Generated by org.testng.reporters.JUnitReportReporter -->
<testsuite name="com.TestNG.BeforeTestTesting" tests="1" time="13.357" ignored="0" failures="0" timestamp="16 Apr 2020 16:19:36 GMT" skipped="0" hostname="Nayem" errors="0">
  <testcase name="BasicTest" time="13.357" classname="com.TestNG.BeforeTestTesting"/>
</testsuite> <!-- com.TestNG.BeforeTestTesting -->
