<?xml version="1.0" encoding="UTF-8"?>
<!-- Generated by org.testng.reporters.JUnitReportReporter -->
<testsuite name="com.ExtentReport.ExtentReport" tests="1" time="13.472" ignored="0" failures="0" timestamp="19 Apr 2020 15:48:58 GMT" skipped="0" hostname="Nayem" errors="0">
  <testcase name="extentReportsDemo" time="13.472" classname="com.ExtentReport.ExtentReport"/>
</testsuite> <!-- com.ExtentReport.ExtentReport -->
