<?xml version="1.0" encoding="UTF-8"?>
<!-- Generated by org.testng.reporters.JUnitReportReporter -->
<testsuite name="com.TestNG_MultipleTest.TestDatabase" tests="4" time="0.009" ignored="0" failures="0" timestamp="17 Apr 2020 12:41:09 GMT" skipped="0" hostname="Nayem" errors="0">
  <testcase name="testConnectMySQL" time="0.002" classname="com.TestNG_MultipleTest.TestDatabase"/>
  <testcase name="testConnectMsSQL" time="0.003" classname="com.TestNG_MultipleTest.TestDatabase"/>
  <testcase name="testConnectOracle" time="0.002" classname="com.TestNG_MultipleTest.TestDatabase"/>
  <testcase name="testConnectMongoDB" time="0.002" classname="com.TestNG_MultipleTest.TestDatabase"/>
</testsuite> <!-- com.TestNG_MultipleTest.TestDatabase -->
