<?xml version="1.0" encoding="UTF-8"?>
<!-- Generated by org.testng.reporters.JUnitReportReporter -->
<testsuite name="com.GenerateTestReport.GenerateTestReport" tests="2" time="10.139" ignored="0" failures="0" timestamp="17 Apr 2020 13:10:11 GMT" skipped="0" hostname="Nayem" errors="0">
  <testcase name="googleTitle" time="4.011" classname="com.GenerateTestReport.GenerateTestReport"/>
  <testcase name="tearDown" time="6.128" classname="com.GenerateTestReport.GenerateTestReport"/>
</testsuite> <!-- com.GenerateTestReport.GenerateTestReport -->
