<?xml version="1.0" encoding="UTF-8"?>
<!-- Generated by org.testng.reporters.JUnitReportReporter -->
<testsuite name="com.TestNG_MultipleTest_New.InvocationCountTest" tests="10" time="0.028" ignored="0" failures="0" timestamp="18 Apr 2020 11:41:35 GMT" skipped="0" hostname="Nayem" errors="0">
  <testcase name="sum" time="0.002" classname="com.TestNG_MultipleTest_New.InvocationCountTest"/>
  <testcase name="sum" time="0.002" classname="com.TestNG_MultipleTest_New.InvocationCountTest"/>
  <testcase name="sum" time="0.002" classname="com.TestNG_MultipleTest_New.InvocationCountTest"/>
  <testcase name="sum" time="0.006" classname="com.TestNG_MultipleTest_New.InvocationCountTest"/>
  <testcase name="sum" time="0.003" classname="com.TestNG_MultipleTest_New.InvocationCountTest"/>
  <testcase name="sum" time="0.002" classname="com.TestNG_MultipleTest_New.InvocationCountTest"/>
  <testcase name="sum" time="0.002" classname="com.TestNG_MultipleTest_New.InvocationCountTest"/>
  <testcase name="sum" time="0.002" classname="com.TestNG_MultipleTest_New.InvocationCountTest"/>
  <testcase name="sum" time="0.006" classname="com.TestNG_MultipleTest_New.InvocationCountTest"/>
  <testcase name="sum" time="0.001" classname="com.TestNG_MultipleTest_New.InvocationCountTest"/>
</testsuite> <!-- com.TestNG_MultipleTest_New.InvocationCountTest -->
