<?xml version="1.0" encoding="UTF-8"?>
<!-- Generated by org.testng.reporters.JUnitReportReporter -->
<testsuite hostname="Nayem" name="com.Jenkins.JenkinsDemo" tests="1" failures="0" timestamp="24 Apr 2020 11:12:23 GMT" time="0.037" errors="0">
  <testcase name="JenkinsTest" time="0.037" classname="com.Jenkins.JenkinsDemo"/>
</testsuite> <!-- com.Jenkins.JenkinsDemo -->
