<?xml version="1.0" encoding="UTF-8"?>
<!-- Generated by org.testng.reporters.JUnitReportReporter -->
<testsuite name="com.ScreenRecorder.VideoRecoder_Test" tests="1" time="9.222" ignored="0" failures="0" timestamp="21 Apr 2020 10:01:52 GMT" skipped="0" hostname="Nayem" errors="0">
  <testcase name="verifyLinks" time="9.222" classname="com.ScreenRecorder.VideoRecoder_Test"/>
</testsuite> <!-- com.ScreenRecorder.VideoRecoder_Test -->
